#
# There is insufficient memory for the Java Runtime Environment to continue.
# Native memory allocation (malloc) failed to allocate 1048576 bytes. Error detail: AllocateHeap
# Possible reasons:
#   The system is out of physical RAM or swap space
#   This process is running with CompressedOops enabled, and the Java Heap may be blocking the growth of the native heap
# Possible solutions:
#   Reduce memory load on the system
#   Increase physical memory or swap space
#   Check if swap backing store is full
#   Decrease Java heap size (-Xmx/-Xms)
#   Decrease number of Java threads
#   Decrease Java thread stack sizes (-Xss)
#   Set larger code cache with -XX:ReservedCodeCacheSize=
#   JVM is running with Unscaled Compressed Oops mode in which the Java heap is
#     placed in the first 4GB address space. The Java Heap base address is the
#     maximum limit for the native heap growth. Please use -XX:HeapBaseMinAddress
#     to set the Java Heap base and to place the Java Heap above 4GB virtual address.
# This output file may be truncated or incomplete.
#
#  Out of Memory Error (allocation.cpp:44), pid=16356, tid=16148
#
# JRE version: OpenJDK Runtime Environment Temurin-21.0.9+10 (21.0.9+10) (build 21.0.9+10-LTS)
# Java VM: OpenJDK 64-Bit Server VM Temurin-21.0.9+10 (21.0.9+10-LTS, mixed mode, sharing, tiered, compressed oops, compressed class ptrs, parallel gc, windows-amd64)
# No core dump will be written. Minidumps are not enabled by default on client versions of Windows
#

---------------  S U M M A R Y ------------

Command Line: --add-modules=ALL-SYSTEM --add-opens=java.base/java.util=ALL-UNNAMED --add-opens=java.base/java.lang=ALL-UNNAMED --add-opens=java.base/sun.nio.fs=ALL-UNNAMED -Declipse.application=org.eclipse.jdt.ls.core.id1 -Dosgi.bundles.defaultStartLevel=4 -Declipse.product=org.eclipse.jdt.ls.core.product -Djava.import.generatesMetadataFilesAtProjectRoot=false -DDetectVMInstallationsJob.disabled=true -Dfile.encoding=utf8 -XX:+UseParallelGC -XX:GCTimeRatio=4 -XX:AdaptiveSizePolicyWeight=90 -Dsun.zip.disableMemoryMapping=true -Xmx2G -Xms100m -Xlog:disable -javaagent:c:\Users\acer\.vscode\extensions\redhat.java-1.49.0-win32-x64\lombok\lombok-1.18.39-4050.jar -XX:+HeapDumpOnOutOfMemoryError -XX:HeapDumpPath=c:\Users\acer\AppData\Roaming\Code\User\workspaceStorage\06d740c4771438b853df4a951799a5f7\redhat.java -Daether.dependencyCollector.impl=bf c:\Users\acer\.vscode\extensions\redhat.java-1.49.0-win32-x64\server\plugins\org.eclipse.equinox.launcher_1.7.100.v20251111-0406.jar -configuration c:\Users\acer\AppData\Roaming\Code\User\globalStorage\redhat.java\1.49.0\config_win -data c:\Users\acer\AppData\Roaming\Code\User\workspaceStorage\06d740c4771438b853df4a951799a5f7\redhat.java\jdt_ws --pipe=\\.\pipe\lsp-ba1e3f0d3c32259689f00ce90582a752-sock

Host: Intel(R) Celeron(R) N4500 @ 1.10GHz, 2 cores, 3G,  Windows 11 , 64 bit Build 26100 (10.0.26100.7019)
Time: Tue Nov 25 23:34:48 2025 Malay Peninsula Standard Time elapsed time: 74997.702088 seconds (0d 20h 49m 57s)

---------------  T H R E A D  ---------------

Current thread (0x000002cae9af75f0):  JavaThread "Attach Listener" daemon [_thread_in_vm, id=16148, stack(0x000000dea6600000,0x000000dea6700000) (1024K)]

Stack: [0x000000dea6600000,0x000000dea6700000]
Native frames: (J=compiled Java code, j=interpreted, Vv=VM code, C=native code)
V  [jvm.dll+0x6d6e29]
V  [jvm.dll+0x8b4b76]
V  [jvm.dll+0x8b712e]
V  [jvm.dll+0x8b7813]
V  [jvm.dll+0x283d86]
V  [jvm.dll+0xc1277]
V  [jvm.dll+0x6d76d9]
V  [jvm.dll+0x133466]
V  [jvm.dll+0x3f7ea6]
V  [jvm.dll+0x85e9ad]
V  [jvm.dll+0x6d565d]
C  [ucrtbase.dll+0x37b0]
C  [KERNEL32.DLL+0x2e8d7]
C  [ntdll.dll+0x8c53c]


---------------  P R O C E S S  ---------------

Threads class SMR info:
_java_thread_list=0x000002cad3388d00, length=32, elements={
0x000002cae9c4c9e0, 0x000002cae9af23c0, 0x000002cae9cfde70, 0x000002cae9af6f90,
0x000002cae9af75f0, 0x000002cae9afb9f0, 0x000002cae9afc440, 0x000002cae9aff680,
0x000002cae9b71680, 0x000002cafcc47050, 0x000002cafcda5620, 0x000002cafd081db0,
0x000002cafd53cba0, 0x000002cafcb8cc90, 0x000002cafcb8d2f0, 0x000002cafd6ae7f0,
0x000002cafd72dd40, 0x000002cafda311e0, 0x000002cafd22f0a0, 0x000002cafe12df10,
0x000002cafe12d1f0, 0x000002cafe12d880, 0x000002cafdcf5170, 0x000002cafdcf6bb0,
0x000002cafdcf5e90, 0x000002cafdcf5800, 0x000002caff70f840, 0x000002cafdcf4450,
0x000002cafdcf4ae0, 0x000002cafdcf99a0, 0x000002caff04d680, 0x000002caff04cff0
}

Java Threads: ( => current thread )
  0x000002cae9c4c9e0 JavaThread "main"                              [_thread_blocked, id=1924, stack(0x000000dea5f00000,0x000000dea6000000) (1024K)]
  0x000002cae9af23c0 JavaThread "Reference Handler"          daemon [_thread_blocked, id=16856, stack(0x000000dea6300000,0x000000dea6400000) (1024K)]
  0x000002cae9cfde70 JavaThread "Finalizer"                  daemon [_thread_blocked, id=16292, stack(0x000000dea6400000,0x000000dea6500000) (1024K)]
  0x000002cae9af6f90 JavaThread "Signal Dispatcher"          daemon [_thread_blocked, id=17180, stack(0x000000dea6500000,0x000000dea6600000) (1024K)]
=>0x000002cae9af75f0 JavaThread "Attach Listener"            daemon [_thread_in_vm, id=16148, stack(0x000000dea6600000,0x000000dea6700000) (1024K)]
  0x000002cae9afb9f0 JavaThread "Service Thread"             daemon [_thread_blocked, id=13096, stack(0x000000dea6700000,0x000000dea6800000) (1024K)]
  0x000002cae9afc440 JavaThread "Monitor Deflation Thread"   daemon [_thread_blocked, id=5272, stack(0x000000dea6800000,0x000000dea6900000) (1024K)]
  0x000002cae9aff680 JavaThread "C2 CompilerThread0"         daemon [_thread_blocked, id=9804, stack(0x000000dea6900000,0x000000dea6a00000) (1024K)]
  0x000002cae9b71680 JavaThread "C1 CompilerThread0"         daemon [_thread_blocked, id=2008, stack(0x000000dea6a00000,0x000000dea6b00000) (1024K)]
  0x000002cafcc47050 JavaThread "Common-Cleaner"             daemon [_thread_blocked, id=14308, stack(0x000000dea6b00000,0x000000dea6c00000) (1024K)]
  0x000002cafcda5620 JavaThread "Notification Thread"        daemon [_thread_blocked, id=2228, stack(0x000000dea6c00000,0x000000dea6d00000) (1024K)]
  0x000002cafd081db0 JavaThread "Active Thread: Equinox Container: 3eb3c293-b22a-4a74-bdeb-154539bdac79"        [_thread_blocked, id=15568, stack(0x000000dea6e00000,0x000000dea6f00000) (1024K)]
  0x000002cafd53cba0 JavaThread "Refresh Thread: Equinox Container: 3eb3c293-b22a-4a74-bdeb-154539bdac79" daemon [_thread_blocked, id=3204, stack(0x000000dea6f00000,0x000000dea7000000) (1024K)]
  0x000002cafcb8cc90 JavaThread "Framework Event Dispatcher: Equinox Container: 3eb3c293-b22a-4a74-bdeb-154539bdac79" daemon [_thread_blocked, id=12948, stack(0x000000dea7000000,0x000000dea7100000) (1024K)]
  0x000002cafcb8d2f0 JavaThread "Start Level: Equinox Container: 3eb3c293-b22a-4a74-bdeb-154539bdac79" daemon [_thread_blocked, id=10664, stack(0x000000dea7100000,0x000000dea7200000) (1024K)]
  0x000002cafd6ae7f0 JavaThread "Bundle File Closer"         daemon [_thread_blocked, id=17088, stack(0x000000dea7200000,0x000000dea7300000) (1024K)]
  0x000002cafd72dd40 JavaThread "SCR Component Actor"        daemon [_thread_blocked, id=16920, stack(0x000000dea7300000,0x000000dea7400000) (1024K)]
  0x000002cafda311e0 JavaThread "Worker-JM"                         [_thread_blocked, id=12912, stack(0x000000dea5e00000,0x000000dea5f00000) (1024K)]
  0x000002cafd22f0a0 JavaThread "JNA Cleaner"                daemon [_thread_blocked, id=13940, stack(0x000000dea7500000,0x000000dea7600000) (1024K)]
  0x000002cafe12df10 JavaThread "Java indexing"              daemon [_thread_blocked, id=11996, stack(0x000000dea7a00000,0x000000dea7b00000) (1024K)]
  0x000002cafe12d1f0 JavaThread "Thread-1"                   daemon [_thread_in_native, id=7420, stack(0x000000dea7f00000,0x000000dea8000000) (1024K)]
  0x000002cafe12d880 JavaThread "Thread-2"                   daemon [_thread_in_native, id=11736, stack(0x000000dea8000000,0x000000dea8100000) (1024K)]
  0x000002cafdcf5170 JavaThread "Thread-3"                   daemon [_thread_in_native, id=14036, stack(0x000000dea8100000,0x000000dea8200000) (1024K)]
  0x000002cafdcf6bb0 JavaThread "pool-2-thread-1"                   [_thread_blocked, id=1752, stack(0x000000dea8200000,0x000000dea8300000) (1024K)]
  0x000002cafdcf5e90 JavaThread "WorkspaceEventsHandler"            [_thread_blocked, id=3392, stack(0x000000dea8300000,0x000000dea8400000) (1024K)]
  0x000002cafdcf5800 JavaThread "pool-1-thread-1"                   [_thread_blocked, id=11984, stack(0x000000dea8400000,0x000000dea8500000) (1024K)]
  0x000002caff70f840 JavaThread "Cleaner-0"                  daemon [_thread_blocked, id=11700, stack(0x000000dea8600000,0x000000dea8700000) (1024K)]
  0x000002cafdcf4450 JavaThread "Java Debug Server"                 [_thread_in_native, id=14472, stack(0x000000dea8700000,0x000000dea8800000) (1024K)]
  0x000002cafdcf4ae0 JavaThread "RxSchedulerPurge-1"         daemon [_thread_blocked, id=16892, stack(0x000000dea8800000,0x000000dea8900000) (1024K)]
  0x000002cafdcf99a0 JavaThread "RxCachedWorkerPoolEvictor-1" daemon [_thread_blocked, id=12636, stack(0x000000dea8900000,0x000000dea8a00000) (1024K)]
  0x000002caff04d680 JavaThread "Worker-22"                         [_thread_blocked, id=14640, stack(0x000000dea7400000,0x000000dea7500000) (1024K)]
  0x000002caff04cff0 JavaThread "Worker-24"                         [_thread_blocked, id=15740, stack(0x000000dea7600000,0x000000dea7700000) (1024K)]
Total: 32

Other Threads:
  0x000002cae9ce1350 VMThread "VM Thread"                           [id=15916, stack(0x000000dea6200000,0x000000dea6300000) (1024K)]
  0x000002cae9accb00 WatcherThread "VM Periodic Task Thread"        [id=15400, stack(0x000000dea6100000,0x000000dea6200000) (1024K)]
  0x000002cae9c64e60 WorkerThread "GC Thread#0"                     [id=11392, stack(0x000000dea6000000,0x000000dea6100000) (1024K)]
  0x000002cafd09d4f0 WorkerThread "GC Thread#1"                     [id=11716, stack(0x000000dea6d00000,0x000000dea6e00000) (1024K)]
Total: 4

Threads with active compile tasks:
Total: 0

VM state: not at safepoint (normal execution)

VM Mutex/Monitor currently owned by a thread: None

Heap address: 0x0000000080000000, size: 2048 MB, Compressed Oops mode: 32-bit

CDS archive(s) mapped at: [0x000002ca84000000-0x000002ca84ba0000-0x000002ca84ba0000), size 12189696, SharedBaseAddress: 0x000002ca84000000, ArchiveRelocationMode: 1.
Compressed class space mapped at: 0x000002ca85000000-0x000002cac5000000, reserved size: 1073741824
Narrow klass base: 0x000002ca84000000, Narrow klass shift: 0, Narrow klass range: 0x100000000

GC Precious Log:
 CardTable entry size: 512
 CPUs: 2 total, 2 available
 Memory: 3901M
 Large Page Support: Disabled
 NUMA Support: Disabled
 Compressed Oops: Enabled (32-bit)
 Alignments: Space 512K, Generation 512K, Heap 2M
 Heap Min Capacity: 100M
 Heap Initial Capacity: 100M
 Heap Max Capacity: 2G
 Pre-touch: Disabled
 Parallel Workers: 2

Heap:
 PSYoungGen      total 2048K, used 967K [0x00000000d5580000, 0x00000000d5880000, 0x0000000100000000)
  eden space 1536K, 58% used [0x00000000d5580000,0x00000000d5661ea0,0x00000000d5700000)
  from space 512K, 12% used [0x00000000d5780000,0x00000000d5790000,0x00000000d5800000)
  to   space 512K, 0% used [0x00000000d5800000,0x00000000d5800000,0x00000000d5880000)
 ParOldGen       total 922624K, used 477924K [0x0000000080000000, 0x00000000b8500000, 0x00000000d5580000)
  object space 922624K, 51% used [0x0000000080000000,0x000000009d2b9360,0x00000000b8500000)
 Metaspace       used 90314K, committed 91776K, reserved 1179648K
  class space    used 9047K, committed 9728K, reserved 1048576K

Card table byte_map: [0x000002cae95e0000,0x000002cae99f0000] _byte_map_base: 0x000002cae91e0000

Marking Bits: (ParMarkBitMap*) 0x00007ffc9bb32460
 Begin Bits: [0x000002ca80000000, 0x000002ca82000000)
 End Bits:   [0x000002ca82000000, 0x000002ca84000000)

Polling page: 0x000002cae7980000

Metaspace:

Usage:
  Non-class:     79.36 MB used.
      Class:      8.84 MB used.
       Both:     88.20 MB used.

Virtual space:
  Non-class space:      128.00 MB reserved,      80.12 MB ( 63%) committed,  2 nodes.
      Class space:        1.00 GB reserved,       9.50 MB ( <1%) committed,  1 nodes.
             Both:        1.12 GB reserved,      89.62 MB (  8%) committed. 

Chunk freelists:
   Non-Class:  15.28 MB
       Class:  6.51 MB
        Both:  21.79 MB

MaxMetaspaceSize: unlimited
CompressedClassSpaceSize: 1.00 GB
Initial GC threshold: 21.00 MB
Current GC threshold: 147.94 MB
CDS: on
 - commit_granule_bytes: 65536.
 - commit_granule_words: 8192.
 - virtual_space_node_default_size: 8388608.
 - enlarge_chunks_in_place: 1.
 - use_allocation_guard: 0.


Internal statistics:

num_allocs_failed_limit: 9.
num_arena_births: 1696.
num_arena_deaths: 392.
num_vsnodes_births: 3.
num_vsnodes_deaths: 0.
num_space_committed: 1434.
num_space_uncommitted: 0.
num_chunks_returned_to_freelist: 463.
num_chunks_taken_from_freelist: 6180.
num_chunk_merges: 116.
num_chunk_splits: 3595.
num_chunks_enlarged: 2028.
num_inconsistent_stats: 0.

CodeHeap 'non-profiled nmethods': size=120064Kb used=27875Kb max_used=29846Kb free=92189Kb
 bounds [0x000002caf4900000, 0x000002caf6630000, 0x000002cafbe40000]
CodeHeap 'profiled nmethods': size=120000Kb used=42231Kb max_used=52747Kb free=77768Kb
 bounds [0x000002caece40000, 0x000002caf01d0000, 0x000002caf4370000]
CodeHeap 'non-nmethods': size=5696Kb used=1519Kb max_used=1588Kb free=4176Kb
 bounds [0x000002caf4370000, 0x000002caf45e0000, 0x000002caf4900000]
CodeCache: size=245760Kb, used=71625Kb, max_used=84181Kb, free=174133Kb
 total_blobs=18844, nmethods=18000, adapters=747, full_count=0
Compilation: enabled, stopped_count=0, restarted_count=0

Compilation events (20 events):
Event: 74546.807 Thread 0x000002cae9b71680 26497       3       org.eclipse.core.internal.resources.Resource::isHidden (51 bytes)
Event: 74546.919 Thread 0x000002cae9b71680 nmethod 26497 0x000002caed90f610 code [0x000002caed90f820, 0x000002caed90ffe8]
Event: 74547.122 Thread 0x000002cae9b71680 26498       3       org.eclipse.core.internal.jobs.OrderedLock::release (60 bytes)
Event: 74547.135 Thread 0x000002cae9b71680 nmethod 26498 0x000002caedbccf90 code [0x000002caedbcd1a0, 0x000002caedbcd638]
Event: 74548.096 Thread 0x000002cae9b71680 26499       3       sun.nio.fs.WindowsSecurityDescriptor::release (75 bytes)
Event: 74548.114 Thread 0x000002cae9b71680 nmethod 26499 0x000002caedfb5210 code [0x000002caedfb5440, 0x000002caedfb5b70]
Event: 74548.182 Thread 0x000002cae9b71680 26500       3       org.eclipse.core.internal.localstore.UnifiedTree::setLevel (30 bytes)
Event: 74548.183 Thread 0x000002cae9b71680 nmethod 26500 0x000002caedb12410 code [0x000002caedb125c0, 0x000002caedb12788]
Event: 74847.134 Thread 0x000002cae9b71680 26501       1       org.eclipse.jdt.launching.AbstractVMInstall::getId (5 bytes)
Event: 74847.163 Thread 0x000002cae9b71680 nmethod 26501 0x000002caf530d790 code [0x000002caf530d920, 0x000002caf530d9e8]
Event: 74847.164 Thread 0x000002cae9b71680 26502       3       org.eclipse.jdt.internal.core.JavaModelManager$VariablesAndContainersSaveHelper::saveInt (9 bytes)
Event: 74847.250 Thread 0x000002cae9b71680 nmethod 26502 0x000002caed990410 code [0x000002caed990640, 0x000002caed990e18]
Event: 74848.588 Thread 0x000002cae9b71680 26503       3       java.util.Properties::<init> (32 bytes)
Event: 74848.602 Thread 0x000002cae9b71680 nmethod 26503 0x000002caeda16e90 code [0x000002caeda17080, 0x000002caeda17438]
Event: 74849.603 Thread 0x000002cae9aff680 26504       4       java.lang.StringBuilder::append (6 bytes)
Event: 74849.667 Thread 0x000002cae9aff680 nmethod 26504 0x000002caf5a86c90 code [0x000002caf5a86ea0, 0x000002caf5a874d0]
Event: 74849.754 Thread 0x000002cae9b71680 26505       3       org.eclipse.core.internal.events.ResourceComparator::getNotificationComparator (4 bytes)
Event: 74849.854 Thread 0x000002cae9b71680 nmethod 26505 0x000002caeecad410 code [0x000002caeecad5a0, 0x000002caeecad698]
Event: 74961.398 Thread 0x000002cae9b71680 26508       3       org.eclipse.core.internal.resources.MarkerSet::shareStrings (57 bytes)
Event: 74961.431 Thread 0x000002cae9b71680 nmethod 26508 0x000002caed8fe710 code [0x000002caed8fe8e0, 0x000002caed8fee50]

GC Heap History (20 events):
Event: 67996.794 GC heap before
{Heap before GC invocations=4038 (full 6):
 PSYoungGen      total 2048K, used 1600K [0x00000000d5580000, 0x00000000d5900000, 0x0000000100000000)
  eden space 1536K, 100% used [0x00000000d5580000,0x00000000d5700000,0x00000000d5700000)
  from space 512K, 12% used [0x00000000d5800000,0x00000000d5810000,0x00000000d5880000)
  to   space 512K, 0% used [0x00000000d5880000,0x00000000d5880000,0x00000000d5900000)
 ParOldGen       total 922624K, used 476368K [0x0000000080000000, 0x00000000b8500000, 0x00000000d5580000)
  object space 922624K, 51% used [0x0000000080000000,0x000000009d134340,0x00000000b8500000)
 Metaspace       used 90289K, committed 91712K, reserved 1179648K
  class space    used 9047K, committed 9728K, reserved 1048576K
}
Event: 67997.483 GC heap after
{Heap after GC invocations=4038 (full 6):
 PSYoungGen      total 2048K, used 128K [0x00000000d5580000, 0x00000000d5900000, 0x0000000100000000)
  eden space 1536K, 0% used [0x00000000d5580000,0x00000000d5580000,0x00000000d5700000)
  from space 512K, 25% used [0x00000000d5880000,0x00000000d58a0020,0x00000000d5900000)
  to   space 512K, 0% used [0x00000000d5800000,0x00000000d5800000,0x00000000d5880000)
 ParOldGen       total 922624K, used 476384K [0x0000000080000000, 0x00000000b8500000, 0x00000000d5580000)
  object space 922624K, 51% used [0x0000000080000000,0x000000009d138340,0x00000000b8500000)
 Metaspace       used 90289K, committed 91712K, reserved 1179648K
  class space    used 9047K, committed 9728K, reserved 1048576K
}
Event: 67998.911 GC heap before
{Heap before GC invocations=4039 (full 6):
 PSYoungGen      total 2048K, used 1664K [0x00000000d5580000, 0x00000000d5900000, 0x0000000100000000)
  eden space 1536K, 100% used [0x00000000d5580000,0x00000000d5700000,0x00000000d5700000)
  from space 512K, 25% used [0x00000000d5880000,0x00000000d58a0020,0x00000000d5900000)
  to   space 512K, 0% used [0x00000000d5800000,0x00000000d5800000,0x00000000d5880000)
 ParOldGen       total 922624K, used 476384K [0x0000000080000000, 0x00000000b8500000, 0x00000000d5580000)
  object space 922624K, 51% used [0x0000000080000000,0x000000009d138340,0x00000000b8500000)
 Metaspace       used 90302K, committed 91776K, reserved 1179648K
  class space    used 9047K, committed 9728K, reserved 1048576K
}
Event: 67998.928 GC heap after
{Heap after GC invocations=4039 (full 6):
 PSYoungGen      total 2048K, used 176K [0x00000000d5580000, 0x00000000d5900000, 0x0000000100000000)
  eden space 1536K, 0% used [0x00000000d5580000,0x00000000d5580000,0x00000000d5700000)
  from space 512K, 34% used [0x00000000d5800000,0x00000000d582c010,0x00000000d5880000)
  to   space 512K, 0% used [0x00000000d5880000,0x00000000d5880000,0x00000000d5900000)
 ParOldGen       total 922624K, used 476400K [0x0000000080000000, 0x00000000b8500000, 0x00000000d5580000)
  object space 922624K, 51% used [0x0000000080000000,0x000000009d13c340,0x00000000b8500000)
 Metaspace       used 90302K, committed 91776K, reserved 1179648K
  class space    used 9047K, committed 9728K, reserved 1048576K
}
Event: 68000.052 GC heap before
{Heap before GC invocations=4040 (full 6):
 PSYoungGen      total 2048K, used 1712K [0x00000000d5580000, 0x00000000d5900000, 0x0000000100000000)
  eden space 1536K, 100% used [0x00000000d5580000,0x00000000d5700000,0x00000000d5700000)
  from space 512K, 34% used [0x00000000d5800000,0x00000000d582c010,0x00000000d5880000)
  to   space 512K, 0% used [0x00000000d5880000,0x00000000d5880000,0x00000000d5900000)
 ParOldGen       total 922624K, used 476400K [0x0000000080000000, 0x00000000b8500000, 0x00000000d5580000)
  object space 922624K, 51% used [0x0000000080000000,0x000000009d13c340,0x00000000b8500000)
 Metaspace       used 90304K, committed 91776K, reserved 1179648K
  class space    used 9047K, committed 9728K, reserved 1048576K
}
Event: 68000.071 GC heap after
{Heap after GC invocations=4040 (full 6):
 PSYoungGen      total 2048K, used 480K [0x00000000d5580000, 0x00000000d5900000, 0x0000000100000000)
  eden space 1536K, 0% used [0x00000000d5580000,0x00000000d5580000,0x00000000d5700000)
  from space 512K, 93% used [0x00000000d5880000,0x00000000d58f8000,0x00000000d5900000)
  to   space 1024K, 0% used [0x00000000d5700000,0x00000000d5700000,0x00000000d5800000)
 ParOldGen       total 922624K, used 476534K [0x0000000080000000, 0x00000000b8500000, 0x00000000d5580000)
  object space 922624K, 51% used [0x0000000080000000,0x000000009d15d810,0x00000000b8500000)
 Metaspace       used 90304K, committed 91776K, reserved 1179648K
  class space    used 9047K, committed 9728K, reserved 1048576K
}
Event: 68001.282 GC heap before
{Heap before GC invocations=4041 (full 6):
 PSYoungGen      total 2048K, used 2016K [0x00000000d5580000, 0x00000000d5900000, 0x0000000100000000)
  eden space 1536K, 100% used [0x00000000d5580000,0x00000000d5700000,0x00000000d5700000)
  from space 512K, 93% used [0x00000000d5880000,0x00000000d58f8000,0x00000000d5900000)
  to   space 1024K, 0% used [0x00000000d5700000,0x00000000d5700000,0x00000000d5800000)
 ParOldGen       total 922624K, used 476534K [0x0000000080000000, 0x00000000b8500000, 0x00000000d5580000)
  object space 922624K, 51% used [0x0000000080000000,0x000000009d15d810,0x00000000b8500000)
 Metaspace       used 90304K, committed 91776K, reserved 1179648K
  class space    used 9047K, committed 9728K, reserved 1048576K
}
Event: 68001.308 GC heap after
{Heap after GC invocations=4041 (full 6):
 PSYoungGen      total 2560K, used 480K [0x00000000d5580000, 0x00000000d5900000, 0x0000000100000000)
  eden space 1536K, 0% used [0x00000000d5580000,0x00000000d5580000,0x00000000d5700000)
  from space 1024K, 46% used [0x00000000d5700000,0x00000000d5778020,0x00000000d5800000)
  to   space 512K, 0% used [0x00000000d5880000,0x00000000d5880000,0x00000000d5900000)
 ParOldGen       total 922624K, used 476966K [0x0000000080000000, 0x00000000b8500000, 0x00000000d5580000)
  object space 922624K, 51% used [0x0000000080000000,0x000000009d1c9830,0x00000000b8500000)
 Metaspace       used 90304K, committed 91776K, reserved 1179648K
  class space    used 9047K, committed 9728K, reserved 1048576K
}
Event: 68001.608 GC heap before
{Heap before GC invocations=4042 (full 6):
 PSYoungGen      total 2560K, used 2016K [0x00000000d5580000, 0x00000000d5900000, 0x0000000100000000)
  eden space 1536K, 100% used [0x00000000d5580000,0x00000000d5700000,0x00000000d5700000)
  from space 1024K, 46% used [0x00000000d5700000,0x00000000d5778020,0x00000000d5800000)
  to   space 512K, 0% used [0x00000000d5880000,0x00000000d5880000,0x00000000d5900000)
 ParOldGen       total 922624K, used 476966K [0x0000000080000000, 0x00000000b8500000, 0x00000000d5580000)
  object space 922624K, 51% used [0x0000000080000000,0x000000009d1c9830,0x00000000b8500000)
 Metaspace       used 90304K, committed 91776K, reserved 1179648K
  class space    used 9047K, committed 9728K, reserved 1048576K
}
Event: 68001.618 GC heap after
{Heap after GC invocations=4042 (full 6):
 PSYoungGen      total 2048K, used 496K [0x00000000d5580000, 0x00000000d5900000, 0x0000000100000000)
  eden space 1536K, 0% used [0x00000000d5580000,0x00000000d5580000,0x00000000d5700000)
  from space 512K, 96% used [0x00000000d5880000,0x00000000d58fc010,0x00000000d5900000)
  to   space 1024K, 0% used [0x00000000d5700000,0x00000000d5700000,0x00000000d5800000)
 ParOldGen       total 922624K, used 477374K [0x0000000080000000, 0x00000000b8500000, 0x00000000d5580000)
  object space 922624K, 51% used [0x0000000080000000,0x000000009d22fa10,0x00000000b8500000)
 Metaspace       used 90304K, committed 91776K, reserved 1179648K
  class space    used 9047K, committed 9728K, reserved 1048576K
}
Event: 68001.680 GC heap before
{Heap before GC invocations=4043 (full 6):
 PSYoungGen      total 2048K, used 2032K [0x00000000d5580000, 0x00000000d5900000, 0x0000000100000000)
  eden space 1536K, 100% used [0x00000000d5580000,0x00000000d5700000,0x00000000d5700000)
  from space 512K, 96% used [0x00000000d5880000,0x00000000d58fc010,0x00000000d5900000)
  to   space 1024K, 0% used [0x00000000d5700000,0x00000000d5700000,0x00000000d5800000)
 ParOldGen       total 922624K, used 477374K [0x0000000080000000, 0x00000000b8500000, 0x00000000d5580000)
  object space 922624K, 51% used [0x0000000080000000,0x000000009d22fa10,0x00000000b8500000)
 Metaspace       used 90304K, committed 91776K, reserved 1179648K
  class space    used 9047K, committed 9728K, reserved 1048576K
}
Event: 68001.693 GC heap after
{Heap after GC invocations=4043 (full 6):
 PSYoungGen      total 2560K, used 672K [0x00000000d5580000, 0x00000000d5900000, 0x0000000100000000)
  eden space 1536K, 0% used [0x00000000d5580000,0x00000000d5580000,0x00000000d5700000)
  from space 1024K, 65% used [0x00000000d5700000,0x00000000d57a8000,0x00000000d5800000)
  to   space 1024K, 0% used [0x00000000d5800000,0x00000000d5800000,0x00000000d5900000)
 ParOldGen       total 922624K, used 477777K [0x0000000080000000, 0x00000000b8500000, 0x00000000d5580000)
  object space 922624K, 51% used [0x0000000080000000,0x000000009d294620,0x00000000b8500000)
 Metaspace       used 90304K, committed 91776K, reserved 1179648K
  class space    used 9047K, committed 9728K, reserved 1048576K
}
Event: 68001.803 GC heap before
{Heap before GC invocations=4044 (full 6):
 PSYoungGen      total 2560K, used 2204K [0x00000000d5580000, 0x00000000d5900000, 0x0000000100000000)
  eden space 1536K, 99% used [0x00000000d5580000,0x00000000d56ff1a0,0x00000000d5700000)
  from space 1024K, 65% used [0x00000000d5700000,0x00000000d57a8000,0x00000000d5800000)
  to   space 1024K, 0% used [0x00000000d5800000,0x00000000d5800000,0x00000000d5900000)
 ParOldGen       total 922624K, used 477777K [0x0000000080000000, 0x00000000b8500000, 0x00000000d5580000)
  object space 922624K, 51% used [0x0000000080000000,0x000000009d294620,0x00000000b8500000)
 Metaspace       used 90304K, committed 91776K, reserved 1179648K
  class space    used 9047K, committed 9728K, reserved 1048576K
}
Event: 68001.816 GC heap after
{Heap after GC invocations=4044 (full 6):
 PSYoungGen      total 2048K, used 144K [0x00000000d5580000, 0x00000000d5880000, 0x0000000100000000)
  eden space 1536K, 0% used [0x00000000d5580000,0x00000000d5580000,0x00000000d5700000)
  from space 512K, 28% used [0x00000000d5800000,0x00000000d5824010,0x00000000d5880000)
  to   space 512K, 0% used [0x00000000d5780000,0x00000000d5780000,0x00000000d5800000)
 ParOldGen       total 922624K, used 477820K [0x0000000080000000, 0x00000000b8500000, 0x00000000d5580000)
  object space 922624K, 51% used [0x0000000080000000,0x000000009d29f360,0x00000000b8500000)
 Metaspace       used 90304K, committed 91776K, reserved 1179648K
  class space    used 9047K, committed 9728K, reserved 1048576K
}
Event: 68017.750 GC heap before
{Heap before GC invocations=4045 (full 6):
 PSYoungGen      total 2048K, used 1680K [0x00000000d5580000, 0x00000000d5880000, 0x0000000100000000)
  eden space 1536K, 100% used [0x00000000d5580000,0x00000000d5700000,0x00000000d5700000)
  from space 512K, 28% used [0x00000000d5800000,0x00000000d5824010,0x00000000d5880000)
  to   space 512K, 0% used [0x00000000d5780000,0x00000000d5780000,0x00000000d5800000)
 ParOldGen       total 922624K, used 477820K [0x0000000080000000, 0x00000000b8500000, 0x00000000d5580000)
  object space 922624K, 51% used [0x0000000080000000,0x000000009d29f360,0x00000000b8500000)
 Metaspace       used 90304K, committed 91776K, reserved 1179648K
  class space    used 9047K, committed 9728K, reserved 1048576K
}
Event: 68017.758 GC heap after
{Heap after GC invocations=4045 (full 6):
 PSYoungGen      total 2048K, used 64K [0x00000000d5580000, 0x00000000d5880000, 0x0000000100000000)
  eden space 1536K, 0% used [0x00000000d5580000,0x00000000d5580000,0x00000000d5700000)
  from space 512K, 12% used [0x00000000d5780000,0x00000000d5790000,0x00000000d5800000)
  to   space 512K, 0% used [0x00000000d5800000,0x00000000d5800000,0x00000000d5880000)
 ParOldGen       total 922624K, used 477892K [0x0000000080000000, 0x00000000b8500000, 0x00000000d5580000)
  object space 922624K, 51% used [0x0000000080000000,0x000000009d2b1360,0x00000000b8500000)
 Metaspace       used 90304K, committed 91776K, reserved 1179648K
  class space    used 9047K, committed 9728K, reserved 1048576K
}
Event: 72142.342 GC heap before
{Heap before GC invocations=4046 (full 6):
 PSYoungGen      total 2048K, used 1600K [0x00000000d5580000, 0x00000000d5880000, 0x0000000100000000)
  eden space 1536K, 100% used [0x00000000d5580000,0x00000000d5700000,0x00000000d5700000)
  from space 512K, 12% used [0x00000000d5780000,0x00000000d5790000,0x00000000d5800000)
  to   space 512K, 0% used [0x00000000d5800000,0x00000000d5800000,0x00000000d5880000)
 ParOldGen       total 922624K, used 477892K [0x0000000080000000, 0x00000000b8500000, 0x00000000d5580000)
  object space 922624K, 51% used [0x0000000080000000,0x000000009d2b1360,0x00000000b8500000)
 Metaspace       used 90306K, committed 91776K, reserved 1179648K
  class space    used 9047K, committed 9728K, reserved 1048576K
}
Event: 72143.031 GC heap after
{Heap after GC invocations=4046 (full 6):
 PSYoungGen      total 2048K, used 64K [0x00000000d5580000, 0x00000000d5880000, 0x0000000100000000)
  eden space 1536K, 0% used [0x00000000d5580000,0x00000000d5580000,0x00000000d5700000)
  from space 512K, 12% used [0x00000000d5800000,0x00000000d5810000,0x00000000d5880000)
  to   space 512K, 0% used [0x00000000d5780000,0x00000000d5780000,0x00000000d5800000)
 ParOldGen       total 922624K, used 477908K [0x0000000080000000, 0x00000000b8500000, 0x00000000d5580000)
  object space 922624K, 51% used [0x0000000080000000,0x000000009d2b5360,0x00000000b8500000)
 Metaspace       used 90306K, committed 91776K, reserved 1179648K
  class space    used 9047K, committed 9728K, reserved 1048576K
}
Event: 74547.202 GC heap before
{Heap before GC invocations=4047 (full 6):
 PSYoungGen      total 2048K, used 1599K [0x00000000d5580000, 0x00000000d5880000, 0x0000000100000000)
  eden space 1536K, 99% used [0x00000000d5580000,0x00000000d56fffe8,0x00000000d5700000)
  from space 512K, 12% used [0x00000000d5800000,0x00000000d5810000,0x00000000d5880000)
  to   space 512K, 0% used [0x00000000d5780000,0x00000000d5780000,0x00000000d5800000)
 ParOldGen       total 922624K, used 477908K [0x0000000080000000, 0x00000000b8500000, 0x00000000d5580000)
  object space 922624K, 51% used [0x0000000080000000,0x000000009d2b5360,0x00000000b8500000)
 Metaspace       used 90313K, committed 91776K, reserved 1179648K
  class space    used 9047K, committed 9728K, reserved 1048576K
}
Event: 74547.833 GC heap after
{Heap after GC invocations=4047 (full 6):
 PSYoungGen      total 2048K, used 64K [0x00000000d5580000, 0x00000000d5880000, 0x0000000100000000)
  eden space 1536K, 0% used [0x00000000d5580000,0x00000000d5580000,0x00000000d5700000)
  from space 512K, 12% used [0x00000000d5780000,0x00000000d5790000,0x00000000d5800000)
  to   space 512K, 0% used [0x00000000d5800000,0x00000000d5800000,0x00000000d5880000)
 ParOldGen       total 922624K, used 477924K [0x0000000080000000, 0x00000000b8500000, 0x00000000d5580000)
  object space 922624K, 51% used [0x0000000080000000,0x000000009d2b9360,0x00000000b8500000)
 Metaspace       used 90313K, committed 91776K, reserved 1179648K
  class space    used 9047K, committed 9728K, reserved 1048576K
}

Dll operation events (12 events):
Event: 0.021 Loaded shared library c:\Users\acer\.vscode\extensions\redhat.java-1.49.0-win32-x64\jre\21.0.9-win32-x86_64\bin\java.dll
Event: 2.266 Loaded shared library c:\Users\acer\.vscode\extensions\redhat.java-1.49.0-win32-x64\jre\21.0.9-win32-x86_64\bin\zip.dll
Event: 3.302 Loaded shared library C:\Users\acer\.vscode\extensions\redhat.java-1.49.0-win32-x64\jre\21.0.9-win32-x86_64\bin\instrument.dll
Event: 3.381 Loaded shared library C:\Users\acer\.vscode\extensions\redhat.java-1.49.0-win32-x64\jre\21.0.9-win32-x86_64\bin\net.dll
Event: 3.400 Loaded shared library C:\Users\acer\.vscode\extensions\redhat.java-1.49.0-win32-x64\jre\21.0.9-win32-x86_64\bin\nio.dll
Event: 3.410 Loaded shared library C:\Users\acer\.vscode\extensions\redhat.java-1.49.0-win32-x64\jre\21.0.9-win32-x86_64\bin\zip.dll
Event: 4.836 Loaded shared library C:\Users\acer\.vscode\extensions\redhat.java-1.49.0-win32-x64\jre\21.0.9-win32-x86_64\bin\jimage.dll
Event: 6.066 Loaded shared library c:\Users\acer\.vscode\extensions\redhat.java-1.49.0-win32-x64\jre\21.0.9-win32-x86_64\bin\verify.dll
Event: 30.054 Loaded shared library C:\Users\acer\AppData\Roaming\Code\User\globalStorage\redhat.java\1.49.0\config_win\org.eclipse.equinox.launcher\org.eclipse.equinox.launcher.win32.win32.x86_64_1.2.1400.v20250801-0854\eclipse_11916.dll
Event: 68.461 Loaded shared library C:\Users\acer\AppData\Local\Temp\jna-2988111\jna1799056647211805673.dll
Event: 159.921 Loaded shared library C:\Users\acer\.vscode\extensions\redhat.java-1.49.0-win32-x64\jre\21.0.9-win32-x86_64\bin\extnet.dll
Event: 41532.996 Loaded shared library C:\Users\acer\.vscode\extensions\redhat.java-1.49.0-win32-x64\jre\21.0.9-win32-x86_64\bin\sunmscapi.dll

Deoptimization events (20 events):
Event: 67846.308 Thread 0x000002cafdcf5e90 Uncommon trap: trap_request=0xffffff45 fr.pc=0x000002caf4a42958 relative=0x0000000000001238
Event: 67846.311 Thread 0x000002cafdcf5e90 Uncommon trap: reason=unstable_if action=reinterpret pc=0x000002caf4a42958 method=org.eclipse.core.internal.resources.Resource.isVirtual()Z @ 8 c2
Event: 67846.311 Thread 0x000002cafdcf5e90 DEOPT PACKING pc=0x000002caf4a42958 sp=0x000000dea83feac0
Event: 67846.313 Thread 0x000002cafdcf5e90 DEOPT UNPACKING pc=0x000002caf43c3a9c sp=0x000000dea83fea30 mode 2
Event: 67846.362 Thread 0x000002cafdcf5e90 Uncommon trap: trap_request=0xffffff45 fr.pc=0x000002caf4e392d4 relative=0x0000000000000114
Event: 67846.362 Thread 0x000002cafdcf5e90 Uncommon trap: reason=unstable_if action=reinterpret pc=0x000002caf4e392d4 method=org.eclipse.core.internal.resources.Resource.isHidden(I)Z @ 15 c2
Event: 67846.362 Thread 0x000002cafdcf5e90 DEOPT PACKING pc=0x000002caf4e392d4 sp=0x000000dea83feb40
Event: 67846.362 Thread 0x000002cafdcf5e90 DEOPT UNPACKING pc=0x000002caf43c3a9c sp=0x000000dea83feab8 mode 2
Event: 67846.366 Thread 0x000002cafdcf5e90 Uncommon trap: trap_request=0xffffff45 fr.pc=0x000002caf6012268 relative=0x0000000000001168
Event: 67846.367 Thread 0x000002cafdcf5e90 Uncommon trap: reason=unstable_if action=reinterpret pc=0x000002caf6012268 method=org.eclipse.core.internal.resources.Resource.isTeamPrivateMember(I)Z @ 15 c2
Event: 67846.367 Thread 0x000002cafdcf5e90 DEOPT PACKING pc=0x000002caf6012268 sp=0x000000dea83feaf0
Event: 67846.368 Thread 0x000002cafdcf5e90 DEOPT UNPACKING pc=0x000002caf43c3a9c sp=0x000000dea83feab8 mode 2
Event: 67846.613 Thread 0x000002cafdcf5e90 Uncommon trap: trap_request=0xffffff45 fr.pc=0x000002caf4ce47d8 relative=0x0000000000000098
Event: 67846.614 Thread 0x000002cafdcf5e90 Uncommon trap: reason=unstable_if action=reinterpret pc=0x000002caf4ce47d8 method=java.util.ComparableTimSort.sort([Ljava/lang/Object;II[Ljava/lang/Object;II)V @ 49 c2
Event: 67846.615 Thread 0x000002cafdcf5e90 DEOPT PACKING pc=0x000002caf4ce47d8 sp=0x000000dea83fe8b0
Event: 67846.615 Thread 0x000002cafdcf5e90 DEOPT UNPACKING pc=0x000002caf43c3a9c sp=0x000000dea83fe800 mode 2
Event: 67847.018 Thread 0x000002cafdcf5e90 Uncommon trap: trap_request=0xffffff45 fr.pc=0x000002caf5c38440 relative=0x00000000000003c0
Event: 67847.018 Thread 0x000002cafdcf5e90 Uncommon trap: reason=unstable_if action=reinterpret pc=0x000002caf5c38440 method=org.eclipse.core.runtime.Path.isPrefixOf(Lorg/eclipse/core/runtime/IPath;)Z @ 13 c2
Event: 67847.018 Thread 0x000002cafdcf5e90 DEOPT PACKING pc=0x000002caf5c38440 sp=0x000000dea83fdf60
Event: 67847.018 Thread 0x000002cafdcf5e90 DEOPT UNPACKING pc=0x000002caf43c3a9c sp=0x000000dea83fdef8 mode 2

Classes loaded (20 events):
Event: 41536.147 Loading class sun/net/www/http/KeepAliveEntry
Event: 41536.147 Loading class sun/net/www/http/KeepAliveEntry done
Event: 41546.148 Loading class sun/security/ssl/Alert
Event: 41546.149 Loading class sun/security/ssl/Alert done
Event: 41546.155 Loading class sun/security/ssl/Alert$AlertConsumer
Event: 41546.155 Loading class sun/security/ssl/Alert$AlertConsumer done
Event: 41546.155 Loading class sun/security/ssl/Alert$Level
Event: 41546.156 Loading class sun/security/ssl/Alert$Level done
Event: 41598.224 Loading class java/nio/channels/CompletionHandler
Event: 41598.553 Loading class java/nio/channels/CompletionHandler done
Event: 43213.988 Loading class java/util/DualPivotQuicksort$Sorter
Event: 43214.065 Loading class java/util/DualPivotQuicksort$Sorter done
Event: 43256.677 Loading class java/util/concurrent/ConcurrentHashMap$KeySpliterator
Event: 43256.693 Loading class java/util/concurrent/ConcurrentHashMap$KeySpliterator done
Event: 44260.802 Loading class java/util/Spliterators$IntArraySpliterator
Event: 44260.807 Loading class java/util/Spliterators$IntArraySpliterator done
Event: 46004.239 Loading class java/lang/Throwable$WrappedPrintWriter
Event: 46004.261 Loading class java/lang/Throwable$PrintStreamOrWriter
Event: 46004.295 Loading class java/lang/Throwable$PrintStreamOrWriter done
Event: 46004.295 Loading class java/lang/Throwable$WrappedPrintWriter done

Classes unloaded (20 events):
Event: 41549.269 Thread 0x000002cae9ce1350 Unloading class 0x000002ca85002000 'java/lang/invoke/LambdaForm$MH+0x000002ca85002000'
Event: 41549.269 Thread 0x000002cae9ce1350 Unloading class 0x000002ca85001800 'java/lang/invoke/LambdaForm$MH+0x000002ca85001800'
Event: 44413.994 Thread 0x000002cae9ce1350 Unloading class 0x000002ca85608800 'java/lang/invoke/LambdaForm$MH+0x000002ca85608800'
Event: 44413.995 Thread 0x000002cae9ce1350 Unloading class 0x000002ca85678000 'java/lang/invoke/LambdaForm$MH+0x000002ca85678000'
Event: 44413.995 Thread 0x000002cae9ce1350 Unloading class 0x000002ca85679400 'java/lang/invoke/LambdaForm$MH+0x000002ca85679400'
Event: 44413.996 Thread 0x000002cae9ce1350 Unloading class 0x000002ca8567bc00 'java/lang/invoke/LambdaForm$DMH+0x000002ca8567bc00'
Event: 44413.997 Thread 0x000002cae9ce1350 Unloading class 0x000002ca856acc00 'java/lang/invoke/LambdaForm$MH+0x000002ca856acc00'
Event: 44413.997 Thread 0x000002cae9ce1350 Unloading class 0x000002ca856b1000 'java/lang/invoke/LambdaForm$MH+0x000002ca856b1000'
Event: 44413.997 Thread 0x000002cae9ce1350 Unloading class 0x000002ca85744800 'java/lang/invoke/LambdaForm$MH+0x000002ca85744800'
Event: 44413.997 Thread 0x000002cae9ce1350 Unloading class 0x000002ca85745800 'java/lang/invoke/LambdaForm$MH+0x000002ca85745800'
Event: 44413.997 Thread 0x000002cae9ce1350 Unloading class 0x000002ca85746400 'java/lang/invoke/LambdaForm$MH+0x000002ca85746400'
Event: 44413.998 Thread 0x000002cae9ce1350 Unloading class 0x000002ca85746c00 'java/lang/invoke/LambdaForm$MH+0x000002ca85746c00'
Event: 44413.998 Thread 0x000002cae9ce1350 Unloading class 0x000002ca85748800 'java/lang/invoke/LambdaForm$MH+0x000002ca85748800'
Event: 44413.999 Thread 0x000002cae9ce1350 Unloading class 0x000002ca858bc800 'java/lang/invoke/LambdaForm$MH+0x000002ca858bc800'
Event: 44413.999 Thread 0x000002cae9ce1350 Unloading class 0x000002ca858bc400 'java/lang/invoke/LambdaForm$MH+0x000002ca858bc400'
Event: 44413.999 Thread 0x000002cae9ce1350 Unloading class 0x000002ca858bc000 'java/lang/invoke/LambdaForm$MH+0x000002ca858bc000'
Event: 44413.999 Thread 0x000002cae9ce1350 Unloading class 0x000002ca8501f800 'java/lang/invoke/LambdaForm$MH+0x000002ca8501f800'
Event: 44413.999 Thread 0x000002cae9ce1350 Unloading class 0x000002ca8501e800 'java/lang/invoke/LambdaForm$MH+0x000002ca8501e800'
Event: 44413.999 Thread 0x000002cae9ce1350 Unloading class 0x000002ca8501e400 'java/lang/invoke/LambdaForm$MH+0x000002ca8501e400'
Event: 44414.000 Thread 0x000002cae9ce1350 Unloading class 0x000002ca8501dc00 'java/lang/invoke/LambdaForm$MH+0x000002ca8501dc00'

Classes redefined (0 events):
No events

Internal exceptions (20 events):
Event: 47902.952 Thread 0x000002cafe12df10 Exception <a 'sun/nio/fs/WindowsException'{0x00000000d55cefb8}> (0x00000000d55cefb8) 
thrown [s\src\hotspot\share\prims\jni.cpp, line 520]
Event: 47903.700 Thread 0x000002cafe12df10 Exception <a 'sun/nio/fs/WindowsException'{0x00000000d58977d8}> (0x00000000d58977d8) 
thrown [s\src\hotspot\share\prims\jni.cpp, line 520]
Event: 47914.541 Thread 0x000002cafe12df10 Exception <a 'sun/nio/fs/WindowsException'{0x00000000d5a773a0}> (0x00000000d5a773a0) 
thrown [s\src\hotspot\share\prims\jni.cpp, line 520]
Event: 47916.136 Thread 0x000002cafe12df10 Exception <a 'sun/nio/fs/WindowsException'{0x00000000d5594cc0}> (0x00000000d5594cc0) 
thrown [s\src\hotspot\share\prims\jni.cpp, line 520]
Event: 48048.349 Thread 0x000002caff04e3a0 Exception <a 'sun/nio/fs/WindowsException'{0x00000000d55c7c20}> (0x00000000d55c7c20) 
thrown [s\src\hotspot\share\prims\jni.cpp, line 520]
Event: 48048.361 Thread 0x000002caff04e3a0 Exception <a 'sun/nio/fs/WindowsException'{0x00000000d55c84f8}> (0x00000000d55c84f8) 
thrown [s\src\hotspot\share\prims\jni.cpp, line 520]
Event: 48048.373 Thread 0x000002caff04e3a0 Exception <a 'sun/nio/fs/WindowsException'{0x00000000d55c9160}> (0x00000000d55c9160) 
thrown [s\src\hotspot\share\prims\jni.cpp, line 520]
Event: 48048.373 Thread 0x000002caff04e3a0 Exception <a 'sun/nio/fs/WindowsException'{0x00000000d55c9a00}> (0x00000000d55c9a00) 
thrown [s\src\hotspot\share\prims\jni.cpp, line 520]
Event: 48048.398 Thread 0x000002caff04e3a0 Exception <a 'sun/nio/fs/WindowsException'{0x00000000d55caf58}> (0x00000000d55caf58) 
thrown [s\src\hotspot\share\prims\jni.cpp, line 520]
Event: 48048.398 Thread 0x000002caff04e3a0 Exception <a 'sun/nio/fs/WindowsException'{0x00000000d55cb588}> (0x00000000d55cb588) 
thrown [s\src\hotspot\share\prims\jni.cpp, line 520]
Event: 48048.398 Thread 0x000002caff04e3a0 Exception <a 'sun/nio/fs/WindowsException'{0x00000000d55cc418}> (0x00000000d55cc418) 
thrown [s\src\hotspot\share\prims\jni.cpp, line 520]
Event: 48048.398 Thread 0x000002caff04e3a0 Exception <a 'sun/nio/fs/WindowsException'{0x00000000d55cca48}> (0x00000000d55cca48) 
thrown [s\src\hotspot\share\prims\jni.cpp, line 520]
Event: 67846.307 Thread 0x000002cafdcf5e90 Implicit null exception at 0x000002caf4a417f8 to 0x000002caf4a42938
Event: 67846.366 Thread 0x000002cafdcf5e90 Implicit null exception at 0x000002caf6011170 to 0x000002caf6012258
Event: 67848.910 Thread 0x000002caff04cff0 Exception <a 'sun/nio/fs/WindowsException'{0x00000000d56b74c0}> (0x00000000d56b74c0) 
thrown [s\src\hotspot\share\prims\jni.cpp, line 520]
Event: 67849.115 Thread 0x000002caff04cff0 Exception <a 'sun/nio/fs/WindowsException'{0x00000000d56ca708}> (0x00000000d56ca708) 
thrown [s\src\hotspot\share\prims\jni.cpp, line 520]
Event: 67849.128 Thread 0x000002caff04cff0 Exception <a 'sun/nio/fs/WindowsException'{0x00000000d56de348}> (0x00000000d56de348) 
thrown [s\src\hotspot\share\prims\jni.cpp, line 520]
Event: 74548.088 Thread 0x000002caff04cff0 Exception <a 'sun/nio/fs/WindowsException'{0x00000000d55c71d0}> (0x00000000d55c71d0) 
thrown [s\src\hotspot\share\prims\jni.cpp, line 520]
Event: 74548.228 Thread 0x000002caff04cff0 Exception <a 'sun/nio/fs/WindowsException'{0x00000000d55db148}> (0x00000000d55db148) 
thrown [s\src\hotspot\share\prims\jni.cpp, line 520]
Event: 74548.246 Thread 0x000002caff04cff0 Exception <a 'sun/nio/fs/WindowsException'{0x00000000d55ed5c8}> (0x00000000d55ed5c8) 
thrown [s\src\hotspot\share\prims\jni.cpp, line 520]

ZGC Phase Switch (0 events):
No events

VM Operations (20 events):
Event: 74451.792 Executing VM operation: RendezvousGCThreads
Event: 74451.792 Executing VM operation: RendezvousGCThreads done
Event: 74511.962 Executing VM operation: HandshakeAllThreads (HandshakeForDeflation)
Event: 74512.027 Executing VM operation: HandshakeAllThreads (HandshakeForDeflation) done
Event: 74512.027 Executing VM operation: RendezvousGCThreads
Event: 74512.030 Executing VM operation: RendezvousGCThreads done
Event: 74547.201 Executing VM operation: ParallelGCFailedAllocation (Allocation Failure)
Event: 74547.833 Executing VM operation: ParallelGCFailedAllocation (Allocation Failure) done
Event: 74572.136 Executing VM operation: HandshakeAllThreads (HandshakeForDeflation)
Event: 74572.136 Executing VM operation: HandshakeAllThreads (HandshakeForDeflation) done
Event: 74572.136 Executing VM operation: RendezvousGCThreads
Event: 74572.136 Executing VM operation: RendezvousGCThreads done
Event: 74872.888 Executing VM operation: HandshakeAllThreads (HandshakeForDeflation)
Event: 74872.962 Executing VM operation: HandshakeAllThreads (HandshakeForDeflation) done
Event: 74872.962 Executing VM operation: RendezvousGCThreads
Event: 74872.964 Executing VM operation: RendezvousGCThreads done
Event: 74993.682 Executing VM operation: HandshakeAllThreads (HandshakeForDeflation)
Event: 74993.688 Executing VM operation: HandshakeAllThreads (HandshakeForDeflation) done
Event: 74993.688 Executing VM operation: RendezvousGCThreads
Event: 74993.689 Executing VM operation: RendezvousGCThreads done

Memory protections (0 events):
No events

Nmethod flushes (20 events):
Event: 44417.877 Thread 0x000002cae9ce1350 flushing  nmethod 0x000002caefeeaa10
Event: 44417.877 Thread 0x000002cae9ce1350 flushing  nmethod 0x000002caefeead10
Event: 44417.877 Thread 0x000002cae9ce1350 flushing  nmethod 0x000002caefeeb310
Event: 44417.877 Thread 0x000002cae9ce1350 flushing  nmethod 0x000002caefeec910
Event: 44417.877 Thread 0x000002cae9ce1350 flushing  nmethod 0x000002caefeece90
Event: 44417.877 Thread 0x000002cae9ce1350 flushing  nmethod 0x000002caefeee010
Event: 44417.877 Thread 0x000002cae9ce1350 flushing  nmethod 0x000002caefeefe10
Event: 44417.877 Thread 0x000002cae9ce1350 flushing osr nmethod 0x000002caefef0590
Event: 44417.877 Thread 0x000002cae9ce1350 flushing  nmethod 0x000002caefef0f10
Event: 44417.877 Thread 0x000002cae9ce1350 flushing  nmethod 0x000002caefef2910
Event: 44417.877 Thread 0x000002cae9ce1350 flushing  nmethod 0x000002caeff01690
Event: 44417.877 Thread 0x000002cae9ce1350 flushing  nmethod 0x000002caeff0fb10
Event: 44417.877 Thread 0x000002cae9ce1350 flushing  nmethod 0x000002caeff14b90
Event: 44417.877 Thread 0x000002cae9ce1350 flushing  nmethod 0x000002caeff15a90
Event: 44417.877 Thread 0x000002cae9ce1350 flushing  nmethod 0x000002caeff17810
Event: 44417.877 Thread 0x000002cae9ce1350 flushing  nmethod 0x000002caeff18b10
Event: 44417.877 Thread 0x000002cae9ce1350 flushing  nmethod 0x000002caeff20f10
Event: 44417.877 Thread 0x000002cae9ce1350 flushing  nmethod 0x000002caeff2fb10
Event: 44417.878 Thread 0x000002cae9ce1350 flushing  nmethod 0x000002caeff2ff10
Event: 44417.878 Thread 0x000002cae9ce1350 flushing  nmethod 0x000002caeff30310

Events (20 events):
Event: 67998.408 Thread 0x000002caff04f750 Thread exited: 0x000002caff04f750
Event: 67998.652 Thread 0x000002caff04c2d0 Thread exited: 0x000002caff04c2d0
Event: 67999.103 Thread 0x000002caff04cff0 Thread added: 0x000002caff04bc40
Event: 68000.868 Thread 0x000002cafdcf5800 Thread added: 0x000002caff04e3a0
Event: 68001.933 Thread 0x000002caff04e3a0 Thread exited: 0x000002caff04e3a0
Event: 68001.937 Thread 0x000002cafdcf5800 Thread added: 0x000002caff04f750
Event: 68002.039 Thread 0x000002caff04f750 Thread exited: 0x000002caff04f750
Event: 68017.741 Thread 0x000002cafdcf5800 Thread added: 0x000002caff04e3a0
Event: 68017.758 Thread 0x000002caff04e3a0 Thread exited: 0x000002caff04e3a0
Event: 68059.293 Thread 0x000002caff04cff0 Thread exited: 0x000002caff04cff0
Event: 68148.151 Thread 0x000002caff04d680 Thread added: 0x000002caff04f750
Event: 68148.206 Thread 0x000002caff04f750 Thread exited: 0x000002caff04f750
Event: 68148.524 Thread 0x000002caff04d680 Thread added: 0x000002caff04e3a0
Event: 68148.526 Thread 0x000002caff04e3a0 Thread exited: 0x000002caff04e3a0
Event: 68148.921 Thread 0x000002caff04bc40 Thread added: 0x000002caff04cff0
Event: 68209.097 Thread 0x000002caff04bc40 Thread exited: 0x000002caff04bc40
Event: 74847.710 Thread 0x000002caff04d680 Thread added: 0x000002caff04c2d0
Event: 74847.771 Thread 0x000002caff04c2d0 Thread exited: 0x000002caff04c2d0
Event: 74848.641 Thread 0x000002caff04d680 Thread added: 0x000002caff04bc40
Event: 74848.647 Thread 0x000002caff04bc40 Thread exited: 0x000002caff04bc40


Dynamic libraries:
0x00007ff6a23c0000 - 0x00007ff6a23ce000 	c:\Users\acer\.vscode\extensions\redhat.java-1.49.0-win32-x64\jre\21.0.9-win32-x86_64\bin\java.exe
0x00007ffd3f460000 - 0x00007ffd3f6c8000 	C:\WINDOWS\SYSTEM32\ntdll.dll
0x00007ffd3dfc0000 - 0x00007ffd3e089000 	C:\WINDOWS\System32\KERNEL32.DLL
0x00007ffd3c7f0000 - 0x00007ffd3cbe8000 	C:\WINDOWS\System32\KERNELBASE.dll
0x00007ffd39390000 - 0x00007ffd3942f000 	C:\WINDOWS\SYSTEM32\apphelp.dll
0x00007ffd3ced0000 - 0x00007ffd3d01b000 	C:\WINDOWS\System32\ucrtbase.dll
0x00007ffce4cb0000 - 0x00007ffce4cc8000 	c:\Users\acer\.vscode\extensions\redhat.java-1.49.0-win32-x64\jre\21.0.9-win32-x86_64\bin\jli.dll
0x00007ffd3f120000 - 0x00007ffd3f2e7000 	C:\WINDOWS\System32\USER32.dll
0x00007ffd3cd60000 - 0x00007ffd3cd87000 	C:\WINDOWS\System32\win32u.dll
0x00007ffd3f0f0000 - 0x00007ffd3f11b000 	C:\WINDOWS\System32\GDI32.dll
0x00007ffd3d020000 - 0x00007ffd3d14c000 	C:\WINDOWS\System32\gdi32full.dll
0x00007ffd3ce20000 - 0x00007ffd3cec3000 	C:\WINDOWS\System32\msvcp_win.dll
0x00007ffcdb2c0000 - 0x00007ffcdb2de000 	c:\Users\acer\.vscode\extensions\redhat.java-1.49.0-win32-x64\jre\21.0.9-win32-x86_64\bin\VCRUNTIME140.dll
0x00007ffd2a910000 - 0x00007ffd2aba4000 	C:\WINDOWS\WinSxS\amd64_microsoft.windows.common-controls_6595b64144ccf1df_6.0.26100.7019_none_3e06ffa0e335b8a8\COMCTL32.dll
0x00007ffd3f2f0000 - 0x00007ffd3f399000 	C:\WINDOWS\System32\msvcrt.dll
0x00007ffd3e680000 - 0x00007ffd3e6b1000 	C:\WINDOWS\System32\IMM32.DLL
0x00007ffd0f580000 - 0x00007ffd0f58c000 	c:\Users\acer\.vscode\extensions\redhat.java-1.49.0-win32-x64\jre\21.0.9-win32-x86_64\bin\vcruntime140_1.dll
0x00007ffcca260000 - 0x00007ffcca2ed000 	c:\Users\acer\.vscode\extensions\redhat.java-1.49.0-win32-x64\jre\21.0.9-win32-x86_64\bin\msvcp140.dll
0x00007ffc9ae70000 - 0x00007ffc9bc10000 	c:\Users\acer\.vscode\extensions\redhat.java-1.49.0-win32-x64\jre\21.0.9-win32-x86_64\bin\server\jvm.dll
0x00007ffd3d8a0000 - 0x00007ffd3d954000 	C:\WINDOWS\System32\ADVAPI32.dll
0x00007ffd3ee20000 - 0x00007ffd3eec6000 	C:\WINDOWS\System32\sechost.dll
0x00007ffd3eed0000 - 0x00007ffd3efe8000 	C:\WINDOWS\System32\RPCRT4.dll
0x00007ffd3f3a0000 - 0x00007ffd3f414000 	C:\WINDOWS\System32\WS2_32.dll
0x00007ffd3c410000 - 0x00007ffd3c46e000 	C:\WINDOWS\SYSTEM32\POWRPROF.dll
0x00007ffd1db10000 - 0x00007ffd1db45000 	C:\WINDOWS\SYSTEM32\WINMM.dll
0x00007ffd2db40000 - 0x00007ffd2db4b000 	C:\WINDOWS\SYSTEM32\VERSION.dll
0x00007ffd3c3f0000 - 0x00007ffd3c404000 	C:\WINDOWS\SYSTEM32\UMPDC.dll
0x00007ffd3b370000 - 0x00007ffd3b38b000 	C:\WINDOWS\SYSTEM32\kernel.appcore.dll
0x00007ffd0da00000 - 0x00007ffd0da0a000 	c:\Users\acer\.vscode\extensions\redhat.java-1.49.0-win32-x64\jre\21.0.9-win32-x86_64\bin\jimage.dll
0x00007ffd39d00000 - 0x00007ffd39f42000 	C:\WINDOWS\SYSTEM32\DBGHELP.DLL
0x00007ffd3d2a0000 - 0x00007ffd3d62b000 	C:\WINDOWS\System32\combase.dll
0x00007ffd3ded0000 - 0x00007ffd3dfa7000 	C:\WINDOWS\System32\OLEAUT32.dll
0x00007ffd2c030000 - 0x00007ffd2c06c000 	C:\WINDOWS\SYSTEM32\dbgcore.DLL
0x00007ffd3d150000 - 0x00007ffd3d1f5000 	C:\WINDOWS\System32\bcryptPrimitives.dll
0x00007ffd0d000000 - 0x00007ffd0d00f000 	c:\Users\acer\.vscode\extensions\redhat.java-1.49.0-win32-x64\jre\21.0.9-win32-x86_64\bin\instrument.dll
0x00007ffcda970000 - 0x00007ffcda990000 	c:\Users\acer\.vscode\extensions\redhat.java-1.49.0-win32-x64\jre\21.0.9-win32-x86_64\bin\java.dll
0x00007ffd3e6c0000 - 0x00007ffd3ee0f000 	C:\WINDOWS\System32\SHELL32.dll
0x00007ffd3cbf0000 - 0x00007ffd3cd5b000 	C:\WINDOWS\System32\wintypes.dll
0x00007ffd3a210000 - 0x00007ffd3aa6d000 	C:\WINDOWS\SYSTEM32\windows.storage.dll
0x00007ffd3eff0000 - 0x00007ffd3f0e2000 	C:\WINDOWS\System32\SHCORE.dll
0x00007ffd3d200000 - 0x00007ffd3d267000 	C:\WINDOWS\System32\shlwapi.dll
0x00007ffd3c4d0000 - 0x00007ffd3c4f9000 	C:\WINDOWS\SYSTEM32\profapi.dll
0x00007ffcda860000 - 0x00007ffcda878000 	c:\Users\acer\.vscode\extensions\redhat.java-1.49.0-win32-x64\jre\21.0.9-win32-x86_64\bin\zip.dll
0x00007ffd0c770000 - 0x00007ffd0c780000 	C:\Users\acer\.vscode\extensions\redhat.java-1.49.0-win32-x64\jre\21.0.9-win32-x86_64\bin\net.dll
0x00007ffd2ead0000 - 0x00007ffd2ebf8000 	C:\WINDOWS\SYSTEM32\WINHTTP.dll
0x00007ffd3b8e0000 - 0x00007ffd3b94b000 	C:\WINDOWS\system32\mswsock.dll
0x00007ffcd5550000 - 0x00007ffcd5566000 	C:\Users\acer\.vscode\extensions\redhat.java-1.49.0-win32-x64\jre\21.0.9-win32-x86_64\bin\nio.dll
0x00007ffd000d0000 - 0x00007ffd000e0000 	c:\Users\acer\.vscode\extensions\redhat.java-1.49.0-win32-x64\jre\21.0.9-win32-x86_64\bin\verify.dll
0x00007ffcd9730000 - 0x00007ffcd9774000 	C:\Users\acer\AppData\Roaming\Code\User\globalStorage\redhat.java\1.49.0\config_win\org.eclipse.equinox.launcher\org.eclipse.equinox.launcher.win32.win32.x86_64_1.2.1400.v20250801-0854\eclipse_11916.dll
0x00007ffd3d640000 - 0x00007ffd3d7d7000 	C:\WINDOWS\System32\ole32.dll
0x00007ffd3bba0000 - 0x00007ffd3bbbb000 	C:\WINDOWS\SYSTEM32\CRYPTSP.dll
0x00007ffd3b2d0000 - 0x00007ffd3b30a000 	C:\WINDOWS\system32\rsaenh.dll
0x00007ffd3b990000 - 0x00007ffd3b9bb000 	C:\WINDOWS\SYSTEM32\USERENV.dll
0x00007ffd3c4a0000 - 0x00007ffd3c4ca000 	C:\WINDOWS\SYSTEM32\bcrypt.dll
0x00007ffd3bbc0000 - 0x00007ffd3bbcc000 	C:\WINDOWS\SYSTEM32\CRYPTBASE.dll
0x00007ffd3aed0000 - 0x00007ffd3af04000 	C:\WINDOWS\SYSTEM32\IPHLPAPI.DLL
0x00007ffd3d630000 - 0x00007ffd3d63a000 	C:\WINDOWS\System32\NSI.dll
0x00007ffcff000000 - 0x00007ffcff049000 	C:\Users\acer\AppData\Local\Temp\jna-2988111\jna1799056647211805673.dll
0x00007ffd3dfb0000 - 0x00007ffd3dfb8000 	C:\WINDOWS\System32\PSAPI.DLL
0x00007ffd2eaa0000 - 0x00007ffd2eabe000 	C:\WINDOWS\SYSTEM32\dhcpcsvc6.DLL
0x00007ffd2ea70000 - 0x00007ffd2ea93000 	C:\WINDOWS\SYSTEM32\dhcpcsvc.DLL
0x00007ffd0c8b0000 - 0x00007ffd0c8b9000 	C:\Users\acer\.vscode\extensions\redhat.java-1.49.0-win32-x64\jre\21.0.9-win32-x86_64\bin\extnet.dll
0x00007ffd30260000 - 0x00007ffd3026e000 	C:\Users\acer\.vscode\extensions\redhat.java-1.49.0-win32-x64\jre\21.0.9-win32-x86_64\bin\sunmscapi.dll
0x00007ffd3c5b0000 - 0x00007ffd3c727000 	C:\WINDOWS\System32\CRYPT32.dll
0x00007ffd3bdc0000 - 0x00007ffd3bdf0000 	C:\WINDOWS\SYSTEM32\ncrypt.dll
0x00007ffd3bd70000 - 0x00007ffd3bdaf000 	C:\WINDOWS\SYSTEM32\NTASN1.dll
0x00007ffd3af10000 - 0x00007ffd3b03c000 	C:\WINDOWS\SYSTEM32\DNSAPI.dll
0x00007ffd2fb10000 - 0x00007ffd2fb1b000 	C:\Windows\System32\rasadhlp.dll
0x00007ffd2b1d0000 - 0x00007ffd2b256000 	C:\WINDOWS\System32\fwpuclnt.dll

JVMTI agents:
c:\Users\acer\.vscode\extensions\redhat.java-1.49.0-win32-x64\lombok\lombok-1.18.39-4050.jar path:c:\Users\acer\.vscode\extensions\redhat.java-1.49.0-win32-x64\jre\21.0.9-win32-x86_64\bin\instrument.dll, loaded, initialized, instrumentlib options:none

dbghelp: loaded successfully - version: 4.0.5 - missing functions: none
symbol engine: initialized successfully - sym options: 0x614 - pdb path: .;c:\Users\acer\.vscode\extensions\redhat.java-1.49.0-win32-x64\jre\21.0.9-win32-x86_64\bin;C:\WINDOWS\SYSTEM32;C:\WINDOWS\WinSxS\amd64_microsoft.windows.common-controls_6595b64144ccf1df_6.0.26100.7019_none_3e06ffa0e335b8a8;c:\Users\acer\.vscode\extensions\redhat.java-1.49.0-win32-x64\jre\21.0.9-win32-x86_64\bin\server;C:\Users\acer\AppData\Roaming\Code\User\globalStorage\redhat.java\1.49.0\config_win\org.eclipse.equinox.launcher\org.eclipse.equinox.launcher.win32.win32.x86_64_1.2.1400.v20250801-0854;C:\Users\acer\AppData\Local\Temp\jna-2988111

VM Arguments:
jvm_args: --add-modules=ALL-SYSTEM --add-opens=java.base/java.util=ALL-UNNAMED --add-opens=java.base/java.lang=ALL-UNNAMED --add-opens=java.base/sun.nio.fs=ALL-UNNAMED -Declipse.application=org.eclipse.jdt.ls.core.id1 -Dosgi.bundles.defaultStartLevel=4 -Declipse.product=org.eclipse.jdt.ls.core.product -Djava.import.generatesMetadataFilesAtProjectRoot=false -DDetectVMInstallationsJob.disabled=true -Dfile.encoding=utf8 -XX:+UseParallelGC -XX:GCTimeRatio=4 -XX:AdaptiveSizePolicyWeight=90 -Dsun.zip.disableMemoryMapping=true -Xmx2G -Xms100m -Xlog:disable -javaagent:c:\Users\acer\.vscode\extensions\redhat.java-1.49.0-win32-x64\lombok\lombok-1.18.39-4050.jar -XX:+HeapDumpOnOutOfMemoryError -XX:HeapDumpPath=c:\Users\acer\AppData\Roaming\Code\User\workspaceStorage\06d740c4771438b853df4a951799a5f7\redhat.java -Daether.dependencyCollector.impl=bf 
java_command: c:\Users\acer\.vscode\extensions\redhat.java-1.49.0-win32-x64\server\plugins\org.eclipse.equinox.launcher_1.7.100.v20251111-0406.jar -configuration c:\Users\acer\AppData\Roaming\Code\User\globalStorage\redhat.java\1.49.0\config_win -data c:\Users\acer\AppData\Roaming\Code\User\workspaceStorage\06d740c4771438b853df4a951799a5f7\redhat.java\jdt_ws --pipe=\\.\pipe\lsp-ba1e3f0d3c32259689f00ce90582a752-sock
java_class_path (initial): c:\Users\acer\.vscode\extensions\redhat.java-1.49.0-win32-x64\server\plugins\org.eclipse.equinox.launcher_1.7.100.v20251111-0406.jar
Launcher Type: SUN_STANDARD

[Global flags]
    uintx AdaptiveSizePolicyWeight                 = 90                                        {product} {command line}
     intx CICompilerCount                          = 2                                         {product} {ergonomic}
    uintx GCTimeRatio                              = 4                                         {product} {command line}
     bool HeapDumpOnOutOfMemoryError               = true                                   {manageable} {command line}
    ccstr HeapDumpPath                             = c:\Users\acer\AppData\Roaming\Code\User\workspaceStorage\06d740c4771438b853df4a951799a5f7\redhat.java         {manageable} {command line}
   size_t InitialHeapSize                          = 104857600                                 {product} {command line}
   size_t MaxHeapSize                              = 2147483648                                {product} {command line}
   size_t MaxNewSize                               = 715653120                                 {product} {ergonomic}
   size_t MinHeapDeltaBytes                        = 524288                                    {product} {ergonomic}
   size_t MinHeapSize                              = 104857600                                 {product} {command line}
   size_t NewSize                                  = 34603008                                  {product} {ergonomic}
    uintx NonNMethodCodeHeapSize                   = 5826188                                {pd product} {ergonomic}
    uintx NonProfiledCodeHeapSize                  = 122916026                              {pd product} {ergonomic}
   size_t OldSize                                  = 70254592                                  {product} {ergonomic}
    uintx ProfiledCodeHeapSize                     = 122916026                              {pd product} {ergonomic}
    uintx ReservedCodeCacheSize                    = 251658240                              {pd product} {ergonomic}
     bool SegmentedCodeCache                       = true                                      {product} {ergonomic}
   size_t SoftMaxHeapSize                          = 2147483648                             {manageable} {ergonomic}
     bool UseCompressedOops                        = true                           {product lp64_product} {ergonomic}
     bool UseLargePagesIndividualAllocation        = false                                  {pd product} {ergonomic}
     bool UseParallelGC                            = true                                      {product} {command line}

Logging:
Log output configuration:
 #0: stdout all=off uptime,level,tags foldmultilines=false
 #1: stderr all=off uptime,level,tags foldmultilines=false

Release file:
JAVA_VERSION="21.0.9" 
MODULES="java.base java.compiler java.datatransfer java.xml java.prefs java.desktop java.instrument java.logging java.management java.security.sasl java.naming java.rmi java.management.rmi java.net.http java.scripting java.security.jgss java.transaction.xa java.sql java.sql.rowset java.xml.crypto java.se java.smartcardio jdk.accessibility jdk.internal.jvmstat jdk.attach jdk.charsets jdk.internal.opt jdk.zipfs jdk.compiler jdk.crypto.ec jdk.crypto.cryptoki jdk.crypto.mscapi jdk.dynalink jdk.internal.ed jdk.editpad jdk.hotspot.agent jdk.httpserver jdk.internal.le jdk.internal.vm.ci jdk.internal.vm.compiler jdk.internal.vm.compiler.management jdk.jartool jdk.javadoc jdk.jcmd jdk.management jdk.management.agent jdk.jconsole jdk.jdeps jdk.jdwp.agent jdk.jdi jdk.jfr jdk.jshell jdk.jsobject jdk.jstatd jdk.localedata jdk.management.jfr jdk.naming.dns jdk.naming.rmi jdk.net jdk.nio.mapmode jdk.random jdk.sctp jdk.security.auth jdk.security.jgss jdk.unsupported jdk.unsupported.desktop jdk.xml.dom" 

Environment Variables:
PATH=C:\Program Files\Common Files\Oracle\Java\javapath;C:\WINDOWS\system32;C:\WINDOWS;C:\WINDOWS\System32\Wbem;C:\WINDOWS\System32\WindowsPowerShell\v1.0\;C:\WINDOWS\System32\OpenSSH\;C:\Program Files (x86)\HP\Common\HPDestPlgIn\;C:\Program Files\dotnet\;C:\Program Files\Git\cmd;C:\Users\acer\AppData\Local\Programs\Python\Python313\Scripts\;C:\Users\acer\AppData\Local\Programs\Python\Python313\;C:\Users\acer\AppData\Local\Microsoft\WindowsApps;C:\Program Files (x86)\HP\Common\HPDestPlgIn\;C:\Users\acer\AppData\Local\Programs\Microsoft VS Code\bin;
USERNAME=acer
OS=Windows_NT
PROCESSOR_IDENTIFIER=Intel64 Family 6 Model 156 Stepping 0, GenuineIntel
TMP=C:\Users\acer\AppData\Local\Temp
TEMP=C:\Users\acer\AppData\Local\Temp




Periodic native trim disabled

---------------  S Y S T E M  ---------------

OS:
 Windows 11 , 64 bit Build 26100 (10.0.26100.7019)
OS uptime: 1 days 7:52 hours

CPU: total 2 (initial active 2) (2 cores per cpu, 1 threads per core) family 6 model 156 stepping 0 microcode 0x1d, cx8, cmov, fxsr, mmx, 3dnowpref, sse, sse2, sse3, ssse3, sse4.1, sse4.2, popcnt, tsc, tscinvbit, aes, erms, clmul, sha, clflush, clflushopt, clwb, rdtscp, rdpid
Processor Information for the first 2 processors :
  Max Mhz: 1114, Current Mhz: 1114, Mhz Limit: 1114

Memory: 4k page, system-wide physical 3901M (223M free)
TotalPageFile size 15677M (AvailPageFile size 7M)
current process WorkingSet (physical memory assigned to process): 8M, peak: 440M
current process commit charge ("private bytes"): 1259M, peak: 1280M

vm_info: OpenJDK 64-Bit Server VM (21.0.9+10-LTS) for windows-amd64 JRE (21.0.9+10-LTS), built on 2025-10-21T00:00:00Z by "admin" with unknown MS VC++:1942

END.
